Build started 24/02/2015 00:09:33.
     1>Project "C:\Users\Yandri\Documents\Projects\Robopocalypse\Robotcalypse\Juego.vcxproj" on node 2 (Build target(s)).
     1>ClCompile:
         C:\Program Files (x86)\Microsoft Visual Studio 12.0\VC\bin\CL.exe /c /ZI /nologo /W3 /WX- /Od /Oy- /D _MBCS /Gm /EHsc /RTC1 /MDd /GS /fp:precise /Zc:wchar_t /Zc:forScope /Fo"Debug\\" /Fd"Debug\vc120.pdb" /Gd /TP /analyze- /errorReport:prompt Actualizar.cpp Juego.cpp Lista.cpp Main.cpp Renderizar.cpp Utilidades.cpp
         Utilidades.cpp
     1>c:\users\yandri\documents\projects\robopocalypse\robotcalypse\main.h(3): fatal error C1083: Cannot open include file: 'allegro.h': No such file or directory
         Renderizar.cpp
     1>c:\users\yandri\documents\projects\robopocalypse\robotcalypse\main.h(3): fatal error C1083: Cannot open include file: 'allegro.h': No such file or directory
         Main.cpp
     1>c:\users\yandri\documents\projects\robopocalypse\robotcalypse\main.h(3): fatal error C1083: Cannot open include file: 'allegro.h': No such file or directory
         Lista.cpp
     1>c:\users\yandri\documents\projects\robopocalypse\robotcalypse\main.h(3): fatal error C1083: Cannot open include file: 'allegro.h': No such file or directory
         Juego.cpp
     1>c:\users\yandri\documents\projects\robopocalypse\robotcalypse\main.h(3): fatal error C1083: Cannot open include file: 'allegro.h': No such file or directory
         Actualizar.cpp
     1>c:\users\yandri\documents\projects\robopocalypse\robotcalypse\main.h(3): fatal error C1083: Cannot open include file: 'allegro.h': No such file or directory
         Generating Code...
     1>Done Building Project "C:\Users\Yandri\Documents\Projects\Robopocalypse\Robotcalypse\Juego.vcxproj" (Build target(s)) -- FAILED.

Build FAILED.

Time Elapsed 00:00:08.10
